Arguments: 
  C:\Program Files\nodejs\node.exe C:\Program Files (x86)\Yarn\bin\yarn.js publish

PATH: 
  C:\ProgramData\Oracle\Java\javapath;C:\WINDOWS\system32;C:\WINDOWS;C:\WINDOWS\System32\Wbem;C:\WINDOWS\System32\WindowsPowerShell\v1.0\;C:\Users\jy\Documents\projects\Selenium\geckodriver;C:\Program Files\Git\cmd;C:\Program Files\Git\mingw64\bin;C:\Program Files\Git\usr\bin;C:\WINDOWS\System32\OpenSSH\;C:\Program Files (x86)\QuickTime\QTSystem\;C:\Program Files (x86)\Yarn\bin\;C:\Program Files\PuTTY\;C:\Program Files (x86)\Common Files\Adobe\AGL;C:\Users\jy\AppData\Roaming\nvm;C:\Program Files\nodejs;C:\Users\jy\.windows-build-tools\python27\;C:\Program Files\nodejs\node_modules\npm\node_modules\npm-lifecycle\node-gyp-bin;C:\Users\jy\AppData\Roaming\npm\node_modules\windows-build-tools\node_modules\.bin;C:\Users\jy\AppData\Roaming\npm\node_modules\.bin;C:\ProgramData\Oracle\Java\javapath;C:\WINDOWS\system32;C:\WINDOWS;C:\WINDOWS\System32\Wbem;C:\WINDOWS\System32\WindowsPowerShell\v1.0\;C:\Users\jy\Documents\projects\Selenium\geckodriver;C:\Program Files\Git\cmd;C:\Program Files\Git\mingw64\bin;C:\Program Files\Git\usr\bin;C:\WINDOWS\System32\OpenSSH\;C:\Program Files (x86)\QuickTime\QTSystem\;C:\Program Files\nodejs\;C:\Program Files (x86)\Yarn\bin\;C:\HashiCorp\Vagrant\bin;C:\Program Files\PuTTY\;C:\Program Files (x86)\Common Files\Adobe\AGL;C:\Users\jy\AppData\Local\Programs\Python\Python37\Scripts\;C:\Users\jy\AppData\Local\Programs\Python\Python37\;C:\Ruby25-x64\bin;C:\Users\jy\AppData\Local\Microsoft\WindowsApps;C:\Users\jy\AppData\Local\Google\Cloud SDK\google-cloud-sdk\bin;C:\Program Files\ffmpeg\bin;C:\Users\jy\AppData\Local\atom\bin;C:\Program Files\heroku\bin;C:\Users\jy\AppData\Local\Yarn\bin;C:\Users\jy\AppData\Local\Programs\Microsoft VS Code\bin;C:\Users\jy\AppData\Local\Microsoft\WindowsApps;C:\Users\jy\AppData\Roaming\nvm;C:\Program Files\nodejs

Yarn version: 
  1.12.3

Node version: 
  10.16.0

Platform: 
  win32 x64

Trace: 
  Error: canceled
      at Interface.<anonymous> (C:\Program Files (x86)\Yarn\lib\cli.js:125278:13)
      at Interface.emit (events.js:198:13)
      at Interface._ttyWrite (readline.js:801:16)
      at ReadStream.onkeypress (readline.js:184:10)
      at ReadStream.emit (events.js:198:13)
      at emitKeys (internal/readline.js:424:14)
      at emitKeys.next (<anonymous>)
      at ReadStream.onData (readline.js:1075:36)
      at ReadStream.emit (events.js:198:13)
      at addChunk (_stream_readable.js:288:12)

npm manifest: 
  {
    "name": "md-to-ssl",
    "version": "1.1.4",
    "description": "md-to-ssl",
    "main": "index.js",
    "scripts": {
      "build": "tsc -w",
      "test": "node test.js"
    },
    "author": "June YAMAMOTO <jy@yambal.net> (https://www.yambal.net/)",
    "license": "ISC",
    "dependencies": {
      "marked": "^0.8.0",
      "shortid": "^2.2.15",
      "xml-formatter": "^1.2.0"
    },
    "devDependencies": {
      "@types/marked": "^0.7.2",
      "@types/shortid": "^0.0.29",
      "@types/xml-formatter": "^1.1.0",
      "typescript": "^3.7.5"
    },
    "repository": {
      "type": "git",
      "url": "git+https://github.com/yambal/md-to-ssl.git"
    },
    "bugs": {
      "url": "https://github.com/yambal/md-to-ssl/issues"
    },
    "homepage": "https://github.com/yambal/md-to-ssl#readme"
  }

yarn manifest: 
  No manifest

Lockfile: 
  # THIS IS AN AUTOGENERATED FILE. DO NOT EDIT THIS FILE DIRECTLY.
  # yarn lockfile v1
  
  
  "@types/marked@^0.7.2":
    version "0.7.2"
    resolved "https://registry.yarnpkg.com/@types/marked/-/marked-0.7.2.tgz#1393f076773b55cc7078c0fbeb86a497c69db97e"
    integrity sha512-A3EDyNaq6OCcpaOia2HQ/tu2QYt8DKuj4ExP21VU3cU3HTo2FLslvbqa2T1vux910RHvuSVqpwKnnykSFcRWOA==
  
  "@types/shortid@^0.0.29":
    version "0.0.29"
    resolved "https://registry.yarnpkg.com/@types/shortid/-/shortid-0.0.29.tgz#8093ee0416a6e2bf2aa6338109114b3fbffa0e9b"
    integrity sha1-gJPuBBam4r8qpjOBCRFLP7/6Dps=
  
  "@types/xml-formatter@^1.1.0":
    version "1.1.0"
    resolved "https://registry.yarnpkg.com/@types/xml-formatter/-/xml-formatter-1.1.0.tgz#f7cde70ec33d7b044029b6b6c2f6e69d270ced63"
    integrity sha512-1Z8XdMUQ3mLsAwqBzKUea2IgDeLOwvgEWevUHhcu3aF6K0KqeGPRlwEYmVy3wGiaepZdcqsiCuUbNhrU4bIJog==
  
  debug@^2.2.0:
    version "2.6.9"
    resolved "https://registry.yarnpkg.com/debug/-/debug-2.6.9.tgz#5d128515df134ff327e90a4c93f4e077a536341f"
    integrity sha512-bC7ElrdJaJnPbAP+1EotYvqZsb3ecl5wi6Bfi6BJTUcNowp6cvspg0jXznRTKDjm/E7AdgFBVeAPVMNcKGsHMA==
    dependencies:
      ms "2.0.0"
  
  marked@^0.8.0:
    version "0.8.0"
    resolved "https://registry.yarnpkg.com/marked/-/marked-0.8.0.tgz#ec5c0c9b93878dc52dd54be8d0e524097bd81a99"
    integrity sha512-MyUe+T/Pw4TZufHkzAfDj6HarCBWia2y27/bhuYkTaiUnfDYFnCP3KUN+9oM7Wi6JA2rymtVYbQu3spE0GCmxQ==
  
  ms@2.0.0:
    version "2.0.0"
    resolved "https://registry.yarnpkg.com/ms/-/ms-2.0.0.tgz#5608aeadfc00be6c2901df5f9861788de0d597c8"
    integrity sha1-VgiurfwAvmwpAd9fmGF4jeDVl8g=
  
  nanoid@^2.1.0:
    version "2.1.11"
    resolved "https://registry.yarnpkg.com/nanoid/-/nanoid-2.1.11.tgz#ec24b8a758d591561531b4176a01e3ab4f0f0280"
    integrity sha512-s/snB+WGm6uwi0WjsZdaVcuf3KJXlfGl2LcxgwkEwJF0D/BWzVWAZW/XY4bFaiR7s0Jk3FPvlnepg1H1b1UwlA==
  
  shortid@^2.2.15:
    version "2.2.15"
    resolved "https://registry.yarnpkg.com/shortid/-/shortid-2.2.15.tgz#2b902eaa93a69b11120373cd42a1f1fe4437c122"
    integrity sha512-5EaCy2mx2Jgc/Fdn9uuDuNIIfWBpzY4XIlhoqtXF6qsf+/+SGZ+FxDdX/ZsMZiWupIWNqAEmiNY4RC+LSmCeOw==
    dependencies:
      nanoid "^2.1.0"
  
  typescript@^3.7.5:
    version "3.7.5"
    resolved "https://registry.yarnpkg.com/typescript/-/typescript-3.7.5.tgz#0692e21f65fd4108b9330238aac11dd2e177a1ae"
    integrity sha512-/P5lkRXkWHNAbcJIiHPfRoKqyd7bsyCma1hZNUGfn20qm64T6ZBlrzprymeu918H+mB/0rIg2gGK/BXkhhYgBw==
  
  xml-formatter@^1.2.0:
    version "1.2.0"
    resolved "https://registry.yarnpkg.com/xml-formatter/-/xml-formatter-1.2.0.tgz#cfbf2fd7250b5b77fcb484d9df4adf7ab30b3b2d"
    integrity sha512-+7hrQv9ZmmDzbCchRdQIyL3Y+Twp35ZbuLDJRi3mV9KYJWKLcRI/fo8oVgbx4+GxI6MrZZhvVy/5i+f2g5fhUg==
    dependencies:
      xml-parser-xo "^2.1.1"
  
  xml-parser-xo@^2.1.1:
    version "2.1.3"
    resolved "https://registry.yarnpkg.com/xml-parser-xo/-/xml-parser-xo-2.1.3.tgz#4ea8eb856dfa4dd75c4ab54b251558de0adc1c61"
    integrity sha1-TqjrhW36TddcSrVLJRVY3grcHGE=
    dependencies:
      debug "^2.2.0"
